Arguments: 
  /usr/bin/node /home/thomas/.yarn/bin/yarn.js add --dev @next/constants

PATH: 
  /home/thomas/.yarn/bin:/home/thomas/.config/yarn/global/node_modules/.bin:/home/thomas/.gvm/bin:/home/thomas/.cargo/bin:/home/thomas/.yarn/bin:/home/thomas/.local/bin:/home/thomas/.cargo/bin:/home/thomas/.local/bin:/home/thomas/.cargo/bin:/usr/local/sbin:/usr/local/bin:/usr/sbin:/usr/bin:/sbin:/bin:/usr/games:/usr/local/games:/mnt/c/tools/ruby30/bin:/mnt/c/Perl64/bin:/mnt/c/Users/thoma/AppData/Roaming/ActiveState/bin:/mnt/c/tools/ruby27/bin:/mnt/c/Python39/Scripts/:/mnt/c/Python39/:/mnt/c/Python27/:/mnt/c/Python27/Scripts:/mnt/c/Perl64/site/bin:/mnt/c/Python38/Scripts/:/mnt/c/Python38/:/mnt/c/Windows/system32:/mnt/c/Windows:/mnt/c/Windows/System32/Wbem:/mnt/c/Windows/System32/WindowsPowerShell/v1.0/:/mnt/c/Windows/System32/OpenSSH/:/mnt/c/ProgramData/chocolatey/bin:/mnt/c/Program Files/Microsoft VS Code/bin:/mnt/c/Program Files (x86)/NVIDIA Corporation/PhysX/Common:/mnt/c/Program Files/NVIDIA Corporation/NVIDIA NvDLISR:/mnt/c/tools/BCURRAN3:/mnt/c/Program Files (x86)/Intel/Intel(R) Management Engine Components/DAL:/mnt/c/Program Files/Intel/Intel(R) Management Engine Components/DAL:/mnt/c/Program Files/dotnet/:/mnt/c/Program Files (x86)/Yarn/bin/:/mnt/c/Program Files/Amazon/AWSCLIV2/:/mnt/c/Program Files/Git/cmd:/mnt/c/Program Files/Go/bin:/mnt/c/Program Files/nodejs/:/mnt/c/Users/thoma/.cargo/bin:/mnt/c/Users/thoma/AppData/Local/Microsoft/WindowsApps:/mnt/c/Users/thoma/go/bin:/mnt/c/Program Files (x86)/Nmap:/mnt/c/Program Files/Oracle/VirtualBox:/mnt/c/Users/thoma/AppData/Local/Programs/Fiddler:/mnt/c/Program Files (x86)/mitmproxy/bin:/mnt/c/ProgramData/chocolatey/lib/mingw/tools/install/mingw64/bin:/mnt/c/Users/thoma/AppData/Local/Yarn/bin:/mnt/c/Users/thoma/AppData/Roaming/npm:/home/thomas/.antigen/bundles/robbyrussell/oh-my-zsh/lib:/home/thomas/.antigen/bundles/zsh-users/zsh-syntax-highlighting

Yarn version: 
  1.22.5

Node version: 
  15.12.0

Platform: 
  linux x64

Trace: 
  Error: https://registry.yarnpkg.com/@next%2fconstants: Not found
      at Request.params.callback [as _callback] (/home/thomas/.yarn/lib/cli.js:66988:18)
      at Request.self.callback (/home/thomas/.yarn/lib/cli.js:140749:22)
      at Request.emit (node:events:369:20)
      at Request.<anonymous> (/home/thomas/.yarn/lib/cli.js:141721:10)
      at Request.emit (node:events:369:20)
      at IncomingMessage.<anonymous> (/home/thomas/.yarn/lib/cli.js:141643:12)
      at Object.onceWrapper (node:events:475:28)
      at IncomingMessage.emit (node:events:381:22)
      at endReadableNT (node:internal/streams/readable:1307:12)
      at processTicksAndRejections (node:internal/process/task_queues:81:21)

npm manifest: 
  {
    "name": "xdm-next",
    "version": "1.0.0",
    "main": "src/index.js",
    "license": "MIT",
    "devDependencies": {
      "typescript": "^4.2.3"
    }
  }

yarn manifest: 
  No manifest

Lockfile: 
  # THIS IS AN AUTOGENERATED FILE. DO NOT EDIT THIS FILE DIRECTLY.
  # yarn lockfile v1
  
  
  typescript@^4.2.3:
    version "4.2.3"
    resolved "https://registry.yarnpkg.com/typescript/-/typescript-4.2.3.tgz#39062d8019912d43726298f09493d598048c1ce3"
    integrity sha512-qOcYwxaByStAWrBf4x0fibwZvMRG+r4cQoTjbPtUlrWjBHbmCAww1i448U0GJ+3cNNEtebDteo/cHOR3xJ4wEw==
